#
# There is insufficient memory for the Java Runtime Environment to continue.
# Native memory allocation (malloc) failed to allocate 32744 bytes for ChunkPool::allocate
# Possible reasons:
#   The system is out of physical RAM or swap space
#   The process is running with CompressedOops enabled, and the Java Heap may be blocking the growth of the native heap
# Possible solutions:
#   Reduce memory load on the system
#   Increase physical memory or swap space
#   Check if swap backing store is full
#   Decrease Java heap size (-Xmx/-Xms)
#   Decrease number of Java threads
#   Decrease Java thread stack sizes (-Xss)
#   Set larger code cache with -XX:ReservedCodeCacheSize=
#   JVM is running with Unscaled Compressed Oops mode in which the Java heap is
#     placed in the first 4GB address space. The Java Heap base address is the
#     maximum limit for the native heap growth. Please use -XX:HeapBaseMinAddress
#     to set the Java Heap base and to place the Java Heap above 4GB virtual address.
# This output file may be truncated or incomplete.
#
#  Out of Memory Error (allocation.cpp:272), pid=7408, tid=0x00000000000029d4
#
# JRE version: OpenJDK Runtime Environment (8.0_242-b01) (build 1.8.0_242-release-1644-b01)
# Java VM: OpenJDK 64-Bit Server VM (25.242-b01 mixed mode windows-amd64 compressed oops)
# Failed to write core dump. Minidumps are not enabled by default on client versions of Windows
#

---------------  T H R E A D  ---------------

Current thread (0x000000001743c000):  JavaThread "C2 CompilerThread1" daemon [_thread_in_native, id=10708, stack(0x0000000018b80000,0x0000000018c80000)]

Stack: [0x0000000018b80000,0x0000000018c80000]
[error occurred during error reporting (printing stack bounds), id 0xc0000005]

Native frames: (J=compiled Java code, j=interpreted, Vv=VM code, C=native code)


Current CompileTask:
C2: 342673 15834 %     4       org.objectweb.asm.ClassReader::readCode @ 71 (5089 bytes)


---------------  P R O C E S S  ---------------

Java Threads: ( => current thread )
  0x000000001a241000 JavaThread "Cache worker for Java compile cache (G:\Doulingo\.gradle\6.1.1\javaCompile)" [_thread_in_native, id=9928, stack(0x0000000026060000,0x0000000026160000)]
  0x000000001a242000 JavaThread "Cache worker for Java compile cache (C:\Users\Innovation\.gradle\caches\6.1.1\javaCompile)" [_thread_blocked, id=2432, stack(0x0000000025f60000,0x0000000026060000)]
  0x000000001a240800 JavaThread "WorkerExecutor Queue Thread 3" [_thread_blocked, id=7164, stack(0x0000000025c60000,0x0000000025d60000)]
  0x000000001a23f800 JavaThread "WorkerExecutor Queue Thread 2" [_thread_blocked, id=1476, stack(0x0000000025b60000,0x0000000025c60000)]
  0x000000001a234800 JavaThread "stdout" [_thread_in_native, id=6080, stack(0x0000000025a60000,0x0000000025b60000)]
  0x000000001a239000 JavaThread "stderr" [_thread_in_native, id=5160, stack(0x0000000025960000,0x0000000025a60000)]
  0x000000001a235000 JavaThread "pool-10-thread-1" [_thread_blocked, id=3776, stack(0x0000000025360000,0x0000000025460000)]
  0x000000001a238000 JavaThread "WorkerExecutor Queue" [_thread_blocked, id=1872, stack(0x0000000025260000,0x0000000025360000)]
  0x000000001ffad000 JavaThread "Cache worker for execution history cache (G:\Doulingo\.gradle\6.1.1\executionHistory)" [_thread_blocked, id=2196, stack(0x0000000024f20000,0x0000000025020000)]
  0x000000001ffac800 JavaThread "Execution worker for ':' Thread 3" [_thread_blocked, id=1596, stack(0x0000000024e20000,0x0000000024f20000)]
  0x000000001ffab800 JavaThread "Execution worker for ':' Thread 2" [_thread_blocked, id=2544, stack(0x0000000024d20000,0x0000000024e20000)]
  0x000000001ffab000 JavaThread "Execution worker for ':'" [_thread_blocked, id=7976, stack(0x0000000024a20000,0x0000000024b20000)]
  0x000000001ffaf800 JavaThread "Cache worker for file content cache (G:\Doulingo\.gradle\6.1.1\fileContent)" [_thread_blocked, id=3120, stack(0x0000000024920000,0x0000000024a20000)]
  0x000000001ffae000 JavaThread "Cache worker for Build Output Cleanup Cache (G:\Doulingo\.gradle\buildOutputCleanup)" [_thread_blocked, id=10664, stack(0x0000000024150000,0x0000000024250000)]
  0x000000001ffaa000 JavaThread "Build operations Thread 4" [_thread_blocked, id=1420, stack(0x0000000024050000,0x0000000024150000)]
  0x000000001ffae800 JavaThread "Build operations Thread 3" [_thread_blocked, id=7708, stack(0x0000000021ea0000,0x0000000021fa0000)]
  0x000000001ffa2800 JavaThread "Build operations Thread 2" [_thread_blocked, id=3472, stack(0x0000000021da0000,0x0000000021ea0000)]
  0x000000001ffa9800 JavaThread "Build operations" [_thread_blocked, id=10380, stack(0x0000000021ca0000,0x0000000021da0000)]
  0x000000001ffa7800 JavaThread "Cache worker for cache directory md-rule (C:\Users\Innovation\.gradle\caches\6.1.1\md-rule)" [_thread_blocked, id=2036, stack(0x000000001fd00000,0x000000001fe00000)]
  0x000000001ffa8800 JavaThread "Cache worker for cache directory md-supplier (C:\Users\Innovation\.gradle\caches\6.1.1\md-supplier)" [_thread_blocked, id=3892, stack(0x000000001fa40000,0x000000001fb40000)]
  0x000000001ffa0000 JavaThread "Cache worker for file hash cache (G:\Doulingo\.gradle\6.1.1\fileHashes)" [_thread_blocked, id=8348, stack(0x000000001f940000,0x000000001fa40000)]
  0x000000001ffa7000 JavaThread "Cache worker for checksums cache (G:\Doulingo\.gradle\checksums)" [_thread_blocked, id=10184, stack(0x000000001f440000,0x000000001f540000)]
  0x000000001ffa1800 JavaThread "Thread-107" [_thread_blocked, id=7720, stack(0x000000001cca0000,0x000000001cda0000)]
  0x000000001ffa1000 JavaThread "Stdin handler" [_thread_blocked, id=9908, stack(0x000000001c9a0000,0x000000001caa0000)]
  0x000000001ffa6000 JavaThread "Asynchronous log dispatcher for DefaultDaemonConnection: socket connection from /127.0.0.1:51680 to /127.0.0.1:51791" [_thread_blocked, id=6556, stack(0x000000001c8a0000,0x000000001c9a0000)]
  0x000000001ffa5800 JavaThread "Cancel handler" [_thread_blocked, id=3920, stack(0x000000001c3a0000,0x000000001c4a0000)]
  0x000000001ffa4000 JavaThread "Handler for socket connection from /127.0.0.1:51680 to /127.0.0.1:51791" [_thread_in_native, id=1472, stack(0x0000000000c90000,0x0000000000d90000)]
  0x000000001a236800 JavaThread "Daemon worker Thread 3" [_thread_blocked, id=8336, stack(0x000000001c5a0000,0x000000001c6a0000)]
  0x000000001a237800 JavaThread "Daemon Thread 2" [_thread_blocked, id=8512, stack(0x0000000000b90000,0x0000000000c90000)]
  0x000000001a236000 JavaThread "MarlinRenderer Disposer" daemon [_thread_blocked, id=1704, stack(0x0000000025860000,0x0000000025960000)]
  0x000000001a23a800 JavaThread "Java2D Disposer" daemon [_thread_blocked, id=7848, stack(0x0000000025660000,0x0000000025760000)]
  0x000000001e4e4800 JavaThread "Cache worker for file content cache (C:\Users\Innovation\.gradle\caches\6.1.1\fileContent)" [_thread_blocked, id=10064, stack(0x0000000023f50000,0x0000000024050000)]
  0x000000001e4e6000 JavaThread "Memory manager" [_thread_blocked, id=7836, stack(0x0000000023430000,0x0000000023530000)]
  0x000000001ae30800 JavaThread "Cache worker for execution history cache (C:\Users\Innovation\.gradle\caches\6.1.1\executionHistory)" [_thread_blocked, id=11128, stack(0x000000001fb40000,0x000000001fc40000)]
  0x000000001ae30000 JavaThread "Cache worker for file hash cache (C:\Users\Innovation\.gradle\caches\6.1.1\fileHashes)" [_thread_blocked, id=6436, stack(0x000000001d1a0000,0x000000001d2a0000)]
  0x000000001ae2f000 JavaThread "File lock request listener" [_thread_in_native, id=9168, stack(0x000000001d0a0000,0x000000001d1a0000)]
  0x000000001ae2d800 JavaThread "Cache worker for journal cache (C:\Users\Innovation\.gradle\caches\journal-1)" [_thread_blocked, id=6968, stack(0x000000001cfa0000,0x000000001d0a0000)]
  0x000000001adbc000 JavaThread "Daemon periodic checks" [_thread_blocked, id=11100, stack(0x000000001c4a0000,0x000000001c5a0000)]
  0x000000001ad31000 JavaThread "Incoming local TCP Connector on port 51680" [_thread_in_native, id=1240, stack(0x000000001c160000,0x000000001c260000)]
  0x0000000018dd4800 JavaThread "Daemon health stats" [_thread_blocked, id=2272, stack(0x000000001bb20000,0x000000001bc20000)]
  0x0000000018da2800 JavaThread "Service Thread" daemon [_thread_blocked, id=900, stack(0x0000000019180000,0x0000000019280000)]
  0x0000000017443000 JavaThread "C1 CompilerThread2" daemon [_thread_blocked, id=1576, stack(0x0000000018c80000,0x0000000018d80000)]
=>0x000000001743c000 JavaThread "C2 CompilerThread1" daemon [_thread_in_native, id=10708, stack(0x0000000018b80000,0x0000000018c80000)]
  0x0000000017438800 JavaThread "C2 CompilerThread0" daemon [_thread_in_native, id=8532, stack(0x0000000018a80000,0x0000000018b80000)]
  0x0000000017437000 JavaThread "Attach Listener" daemon [_thread_blocked, id=6844, stack(0x0000000018980000,0x0000000018a80000)]
  0x0000000017435800 JavaThread "Signal Dispatcher" daemon [_thread_blocked, id=8716, stack(0x0000000018880000,0x0000000018980000)]
  0x0000000002775800 JavaThread "Finalizer" daemon [_thread_blocked, id=5536, stack(0x0000000018680000,0x0000000018780000)]
  0x0000000017419000 JavaThread "Reference Handler" daemon [_thread_blocked, id=6100, stack(0x0000000018580000,0x0000000018680000)]
  0x000000000280d800 JavaThread "main" [_thread_blocked, id=2420, stack(0x0000000002570000,0x0000000002670000)]

Other Threads:
  0x00000000173f6000 VMThread [stack: 0x0000000018480000,0x0000000018580000] [id=7716]
  0x0000000018db3000 WatcherThread [stack: 0x0000000019280000,0x0000000019380000] [id=3988]

VM state:not at safepoint (normal execution)

VM Mutex/Monitor currently owned by a thread: None

heap address: 0x0000000080000000, size: 2048 MB, Compressed Oops mode: 32-bit
Narrow klass base: 0x0000000000000000, Narrow klass shift: 3
Compressed class space size: 1073741824 Address: 0x0000000100000000

Heap:
 PSYoungGen      total 432128K, used 168243K [0x00000000d5580000, 0x00000000f1600000, 0x0000000100000000)
  eden space 407040K, 37% used [0x00000000d5580000,0x00000000deb72dc0,0x00000000ee300000)
  from space 25088K, 58% used [0x00000000ee500000,0x00000000ef35a198,0x00000000efd80000)
  to   space 12288K, 0% used [0x00000000f0a00000,0x00000000f0a00000,0x00000000f1600000)
 ParOldGen       total 101888K, used 41003K [0x0000000080000000, 0x0000000086380000, 0x00000000d5580000)
  object space 101888K, 40% used [0x0000000080000000,0x000000008280ac80,0x0000000086380000)
 Metaspace       used 88323K, capacity 92510K, committed 92696K, reserved 1130496K
  class space    used 11547K, capacity 12300K, committed 12336K, reserved 1048576K

Card table byte_map: [0x0000000011bd0000,0x0000000011fe0000] byte_map_base: 0x00000000117d0000

Marking Bits: (ParMarkBitMap*) 0x000000005c4ef030
 Begin Bits: [0x0000000012690000, 0x0000000014690000)
 End Bits:   [0x0000000014690000, 0x0000000016690000)

Polling page: 0x00000000009a0000

CodeCache: size=245760Kb used=42593Kb max_used=42602Kb free=203166Kb
 bounds [0x0000000002810000, 0x00000000051e0000, 0x0000000011810000]
 total_blobs=14270 nmethods=13297 adapters=884
 compilation: enabled

Compilation events (10 events):
Event: 342.541 Thread 0x0000000017443000 15833       3       java.lang.Integer::toString (48 bytes)
Event: 342.542 Thread 0x0000000017443000 nmethod 15833 0x00000000051c9890 code [0x00000000051c9a60, 0x00000000051ca0a8]
Event: 342.543 Thread 0x0000000017443000 15835       3       org.objectweb.asm.MethodVisitor::visitIntInsn (17 bytes)
Event: 342.543 Thread 0x0000000017443000 nmethod 15835 0x00000000051ca450 code [0x00000000051ca5c0, 0x00000000051ca828]
Event: 342.546 Thread 0x0000000017443000 15836       3       org.objectweb.asm.Type::getObjectType (31 bytes)
Event: 342.547 Thread 0x0000000017443000 nmethod 15836 0x00000000051ca910 code [0x00000000051caaa0, 0x00000000051cb068]
Event: 342.561 Thread 0x000000001743c000 nmethod 15808 0x00000000051cffd0 code [0x00000000051d0600, 0x00000000051d4470]
Event: 342.561 Thread 0x000000001743c000 15834 %     4       org.objectweb.asm.ClassReader::readCode @ 71 (5089 bytes)
Event: 342.649 Thread 0x0000000017443000 15838       3       org.gradle.launcher.daemon.context.DefaultDaemonContext$Serializer::read (182 bytes)
Event: 342.651 Thread 0x0000000017443000 nmethod 15838 0x00000000051cd750 code [0x00000000051cda80, 0x00000000051cf278]

GC Heap History (10 events):
Event: 12.458 GC heap before
{Heap before GC invocations=12 (full 2):
 PSYoungGen      total 241152K, used 59467K [0x00000000d5580000, 0x00000000eba00000, 0x0000000100000000)
  eden space 226816K, 19% used [0x00000000d5580000,0x00000000d81938e8,0x00000000e3300000)
  from space 14336K, 99% used [0x00000000e3300000,0x00000000e40ff330,0x00000000e4100000)
  to   space 21504K, 0% used [0x00000000ea500000,0x00000000ea500000,0x00000000eba00000)
 ParOldGen       total 70656K, used 27683K [0x0000000080000000, 0x0000000084500000, 0x00000000d5580000)
  object space 70656K, 39% used [0x0000000080000000,0x0000000081b08ce0,0x0000000084500000)
 Metaspace       used 56968K, capacity 58930K, committed 59160K, reserved 1099776K
  class space    used 7802K, capacity 8240K, committed 8240K, reserved 1048576K
Event: 12.491 GC heap after
Heap after GC invocations=12 (full 2):
 PSYoungGen      total 340992K, used 18074K [0x00000000d5580000, 0x00000000ebb80000, 0x0000000100000000)
  eden space 319488K, 0% used [0x00000000d5580000,0x00000000d5580000,0x00000000e8d80000)
  from space 21504K, 84% used [0x00000000ea500000,0x00000000eb6a6b60,0x00000000eba00000)
  to   space 23552K, 0% used [0x00000000e8d80000,0x00000000e8d80000,0x00000000ea480000)
 ParOldGen       total 70656K, used 27755K [0x0000000080000000, 0x0000000084500000, 0x00000000d5580000)
  object space 70656K, 39% used [0x0000000080000000,0x0000000081b1acf0,0x0000000084500000)
 Metaspace       used 56968K, capacity 58930K, committed 59160K, reserved 1099776K
  class space    used 7802K, capacity 8240K, committed 8240K, reserved 1048576K
}
Event: 12.491 GC heap before
{Heap before GC invocations=13 (full 3):
 PSYoungGen      total 340992K, used 18074K [0x00000000d5580000, 0x00000000ebb80000, 0x0000000100000000)
  eden space 319488K, 0% used [0x00000000d5580000,0x00000000d5580000,0x00000000e8d80000)
  from space 21504K, 84% used [0x00000000ea500000,0x00000000eb6a6b60,0x00000000eba00000)
  to   space 23552K, 0% used [0x00000000e8d80000,0x00000000e8d80000,0x00000000ea480000)
 ParOldGen       total 70656K, used 27755K [0x0000000080000000, 0x0000000084500000, 0x00000000d5580000)
  object space 70656K, 39% used [0x0000000080000000,0x0000000081b1acf0,0x0000000084500000)
 Metaspace       used 56968K, capacity 58930K, committed 59160K, reserved 1099776K
  class space    used 7802K, capacity 8240K, committed 8240K, reserved 1048576K
Event: 12.759 GC heap after
Heap after GC invocations=13 (full 3):
 PSYoungGen      total 340992K, used 0K [0x00000000d5580000, 0x00000000ebb80000, 0x0000000100000000)
  eden space 319488K, 0% used [0x00000000d5580000,0x00000000d5580000,0x00000000e8d80000)
  from space 21504K, 0% used [0x00000000ea500000,0x00000000ea500000,0x00000000eba00000)
  to   space 23552K, 0% used [0x00000000e8d80000,0x00000000e8d80000,0x00000000ea480000)
 ParOldGen       total 101888K, used 30139K [0x0000000080000000, 0x0000000086380000, 0x00000000d5580000)
  object space 101888K, 29% used [0x0000000080000000,0x0000000081d6ece8,0x0000000086380000)
 Metaspace       used 56959K, capacity 58900K, committed 59160K, reserved 1099776K
  class space    used 7800K, capacity 8235K, committed 8240K, reserved 1048576K
}
Event: 19.098 GC heap before
{Heap before GC invocations=14 (full 3):
 PSYoungGen      total 340992K, used 319488K [0x00000000d5580000, 0x00000000ebb80000, 0x0000000100000000)
  eden space 319488K, 100% used [0x00000000d5580000,0x00000000e8d80000,0x00000000e8d80000)
  from space 21504K, 0% used [0x00000000ea500000,0x00000000ea500000,0x00000000eba00000)
  to   space 23552K, 0% used [0x00000000e8d80000,0x00000000e8d80000,0x00000000ea480000)
 ParOldGen       total 101888K, used 30139K [0x0000000080000000, 0x0000000086380000, 0x00000000d5580000)
  object space 101888K, 29% used [0x0000000080000000,0x0000000081d6ece8,0x0000000086380000)
 Metaspace       used 69257K, capacity 72128K, committed 72216K, reserved 1112064K
  class space    used 9349K, capacity 9971K, committed 10032K, reserved 1048576K
Event: 19.120 GC heap after
Heap after GC invocations=14 (full 3):
 PSYoungGen      total 343040K, used 21121K [0x00000000d5580000, 0x00000000f2380000, 0x0000000100000000)
  eden space 319488K, 0% used [0x00000000d5580000,0x00000000d5580000,0x00000000e8d80000)
  from space 23552K, 89% used [0x00000000e8d80000,0x00000000ea220688,0x00000000ea480000)
  to   space 26112K, 0% used [0x00000000f0a00000,0x00000000f0a00000,0x00000000f2380000)
 ParOldGen       total 101888K, used 30147K [0x0000000080000000, 0x0000000086380000, 0x00000000d5580000)
  object space 101888K, 29% used [0x0000000080000000,0x0000000081d70ce8,0x0000000086380000)
 Metaspace       used 69257K, capacity 72128K, committed 72216K, reserved 1112064K
  class space    used 9349K, capacity 9971K, committed 10032K, reserved 1048576K
}
Event: 292.067 GC heap before
{Heap before GC invocations=15 (full 3):
 PSYoungGen      total 343040K, used 340609K [0x00000000d5580000, 0x00000000f2380000, 0x0000000100000000)
  eden space 319488K, 100% used [0x00000000d5580000,0x00000000e8d80000,0x00000000e8d80000)
  from space 23552K, 89% used [0x00000000e8d80000,0x00000000ea220688,0x00000000ea480000)
  to   space 26112K, 0% used [0x00000000f0a00000,0x00000000f0a00000,0x00000000f2380000)
 ParOldGen       total 101888K, used 30147K [0x0000000080000000, 0x0000000086380000, 0x00000000d5580000)
  object space 101888K, 29% used [0x0000000080000000,0x0000000081d70ce8,0x0000000086380000)
 Metaspace       used 76013K, capacity 79516K, committed 79768K, reserved 1118208K
  class space    used 9909K, capacity 10601K, committed 10672K, reserved 1048576K
Event: 292.104 GC heap after
Heap after GC invocations=15 (full 3):
 PSYoungGen      total 419328K, used 11946K [0x00000000d5580000, 0x00000000f1600000, 0x0000000100000000)
  eden space 407040K, 0% used [0x00000000d5580000,0x00000000d5580000,0x00000000ee300000)
  from space 12288K, 97% used [0x00000000f0a00000,0x00000000f15aa938,0x00000000f1600000)
  to   space 25088K, 0% used [0x00000000ee500000,0x00000000ee500000,0x00000000efd80000)
 ParOldGen       total 101888K, used 40995K [0x0000000080000000, 0x0000000086380000, 0x00000000d5580000)
  object space 101888K, 40% used [0x0000000080000000,0x0000000082808c80,0x0000000086380000)
 Metaspace       used 76013K, capacity 79516K, committed 79768K, reserved 1118208K
  class space    used 9909K, capacity 10601K, committed 10672K, reserved 1048576K
}
Event: 339.464 GC heap before
{Heap before GC invocations=16 (full 3):
 PSYoungGen      total 419328K, used 418986K [0x00000000d5580000, 0x00000000f1600000, 0x0000000100000000)
  eden space 407040K, 100% used [0x00000000d5580000,0x00000000ee300000,0x00000000ee300000)
  from space 12288K, 97% used [0x00000000f0a00000,0x00000000f15aa938,0x00000000f1600000)
  to   space 25088K, 0% used [0x00000000ee500000,0x00000000ee500000,0x00000000efd80000)
 ParOldGen       total 101888K, used 40995K [0x0000000080000000, 0x0000000086380000, 0x00000000d5580000)
  object space 101888K, 40% used [0x0000000080000000,0x0000000082808c80,0x0000000086380000)
 Metaspace       used 83162K, capacity 87250K, committed 87448K, reserved 1124352K
  class space    used 10884K, capacity 11652K, committed 11696K, reserved 1048576K
Event: 339.495 GC heap after
Heap after GC invocations=16 (full 3):
 PSYoungGen      total 432128K, used 14696K [0x00000000d5580000, 0x00000000f1600000, 0x0000000100000000)
  eden space 407040K, 0% used [0x00000000d5580000,0x00000000d5580000,0x00000000ee300000)
  from space 25088K, 58% used [0x00000000ee500000,0x00000000ef35a198,0x00000000efd80000)
  to   space 12288K, 0% used [0x00000000f0a00000,0x00000000f0a00000,0x00000000f1600000)
 ParOldGen       total 101888K, used 41003K [0x0000000080000000, 0x0000000086380000, 0x00000000d5580000)
  object space 101888K, 40% used [0x0000000080000000,0x000000008280ac80,0x0000000086380000)
 Metaspace       used 83162K, capacity 87250K, committed 87448K, reserved 1124352K
  class space    used 10884K, capacity 11652K, committed 11696K, reserved 1048576K
}

Deoptimization events (10 events):
Event: 342.393 Thread 0x000000001ffab000 Uncommon trap: reason=class_check action=maybe_recompile pc=0x0000000004f68d28 method=org.objectweb.asm.ClassReader.readField(Lorg/objectweb/asm/ClassVisitor;Lorg/objectweb/asm/Context;I)I @ 332
Event: 342.393 Thread 0x000000001ffab000 Uncommon trap: reason=class_check action=maybe_recompile pc=0x00000000050211f0 method=org.objectweb.asm.ClassReader.readMethod(Lorg/objectweb/asm/ClassVisitor;Lorg/objectweb/asm/Context;I)I @ 515
Event: 342.396 Thread 0x000000001ffab000 Uncommon trap: reason=class_check action=maybe_recompile pc=0x00000000050063d4 method=org.objectweb.asm.ClassReader.accept(Lorg/objectweb/asm/ClassVisitor;[Lorg/objectweb/asm/Attribute;I)V @ 605
Event: 342.396 Thread 0x000000001ffab000 Uncommon trap: reason=class_check action=maybe_recompile pc=0x00000000050211f0 method=org.objectweb.asm.ClassReader.readMethod(Lorg/objectweb/asm/ClassVisitor;Lorg/objectweb/asm/Context;I)I @ 515
Event: 342.397 Thread 0x000000001ffab000 Uncommon trap: reason=class_check action=maybe_recompile pc=0x00000000050063d4 method=org.objectweb.asm.ClassReader.accept(Lorg/objectweb/asm/ClassVisitor;[Lorg/objectweb/asm/Attribute;I)V @ 605
Event: 342.397 Thread 0x000000001ffab000 Uncommon trap: reason=class_check action=maybe_recompile pc=0x00000000050211f0 method=org.objectweb.asm.ClassReader.readMethod(Lorg/objectweb/asm/ClassVisitor;Lorg/objectweb/asm/Context;I)I @ 515
Event: 342.397 Thread 0x000000001ffab000 Uncommon trap: reason=class_check action=maybe_recompile pc=0x00000000050063d4 method=org.objectweb.asm.ClassReader.accept(Lorg/objectweb/asm/ClassVisitor;[Lorg/objectweb/asm/Attribute;I)V @ 605
Event: 342.398 Thread 0x000000001ffab000 Uncommon trap: reason=class_check action=maybe_recompile pc=0x00000000050211f0 method=org.objectweb.asm.ClassReader.readMethod(Lorg/objectweb/asm/ClassVisitor;Lorg/objectweb/asm/Context;I)I @ 515
Event: 342.543 Thread 0x000000001ffab000 Uncommon trap: reason=class_check action=maybe_recompile pc=0x000000000502d060 method=org.objectweb.asm.ClassReader.readCode(Lorg/objectweb/asm/MethodVisitor;Lorg/objectweb/asm/Context;I)V @ 3875
Event: 342.543 Thread 0x000000001ffab000 Uncommon trap: reason=class_check action=maybe_recompile pc=0x000000000502c78c method=org.objectweb.asm.ClassReader.readCode(Lorg/objectweb/asm/MethodVisitor;Lorg/objectweb/asm/Context;I)V @ 3275

Classes redefined (0 events):
No events

Internal exceptions (10 events):
Event: 341.193 Thread 0x000000001ffab000 Implicit null exception at 0x0000000004ffd2fa to 0x0000000004ffdb49
Event: 341.254 Thread 0x000000001ffab000 Exception <a 'sun/nio/fs/WindowsException'> (0x00000000dbb9f6a0) thrown at [C:\src\AOSP-openjdk-git\hotspot\src\share\vm\prims\jni.cpp, line 710]
Event: 341.254 Thread 0x000000001ffab000 Exception <a 'sun/nio/fs/WindowsException'> (0x00000000dbba02e0) thrown at [C:\src\AOSP-openjdk-git\hotspot\src\share\vm\prims\jni.cpp, line 710]
Event: 341.256 Thread 0x000000001ffab000 Exception <a 'sun/nio/fs/WindowsException'> (0x00000000dbba12f8) thrown at [C:\src\AOSP-openjdk-git\hotspot\src\share\vm\prims\jni.cpp, line 710]
Event: 341.257 Thread 0x000000001ffab000 Exception <a 'sun/nio/fs/WindowsException'> (0x00000000dbba7b60) thrown at [C:\src\AOSP-openjdk-git\hotspot\src\share\vm\prims\jni.cpp, line 710]
Event: 341.257 Thread 0x000000001ffab000 Exception <a 'sun/nio/fs/WindowsException'> (0x00000000dbba87e0) thrown at [C:\src\AOSP-openjdk-git\hotspot\src\share\vm\prims\jni.cpp, line 710]
Event: 341.257 Thread 0x000000001ffab000 Exception <a 'sun/nio/fs/WindowsException'> (0x00000000dbba94d0) thrown at [C:\src\AOSP-openjdk-git\hotspot\src\share\vm\prims\jni.cpp, line 710]
Event: 341.258 Thread 0x000000001ffab000 Exception <a 'sun/nio/fs/WindowsException'> (0x00000000dbbab3d0) thrown at [C:\src\AOSP-openjdk-git\hotspot\src\share\vm\prims\jni.cpp, line 710]
Event: 341.258 Thread 0x000000001ffab000 Exception <a 'sun/nio/fs/WindowsException'> (0x00000000dbbac060) thrown at [C:\src\AOSP-openjdk-git\hotspot\src\share\vm\prims\jni.cpp, line 710]
Event: 341.258 Thread 0x000000001ffab000 Exception <a 'sun/nio/fs/WindowsException'> (0x00000000dbbacd60) thrown at [C:\src\AOSP-openjdk-git\hotspot\src\share\vm\prims\jni.cpp, line 710]

Events (10 events):
Event: 342.433 Thread 0x0000000017443000 flushing nmethod 0x0000000003be75d0
Event: 342.435 Thread 0x0000000017443000 flushing nmethod 0x0000000003e33d10
Event: 342.542 Thread 0x000000001ffab000 DEOPT PACKING pc=0x0000000004fc566c sp=0x0000000024b19700
Event: 342.542 Thread 0x000000001ffab000 DEOPT UNPACKING pc=0x00000000028575d0 sp=0x0000000024b19618 mode 0
Event: 342.543 Thread 0x000000001ffab000 Uncommon trap: trap_request=0xffffffde fr.pc=0x000000000502d060
Event: 342.543 Thread 0x000000001ffab000 DEOPT PACKING pc=0x000000000502d060 sp=0x0000000024b198f0
Event: 342.543 Thread 0x000000001ffab000 DEOPT UNPACKING pc=0x000000000285557b sp=0x0000000024b19890 mode 2
Event: 342.543 Thread 0x000000001ffab000 Uncommon trap: trap_request=0xffffffde fr.pc=0x000000000502c78c
Event: 342.543 Thread 0x000000001ffab000 DEOPT PACKING pc=0x000000000502c78c sp=0x0000000024b198f0
Event: 342.543 Thread 0x000000001ffab000 DEOPT UNPACKING pc=0x000000000285557b sp=0x0000000024b19898 mode 2


Dynamic libraries:
0x00007ff666ae0000 - 0x00007ff666b11000 	C:\Program Files\Android\Android Studio\jre\bin\java.exe
0x00007ff88d1e0000 - 0x00007ff88d3d0000 	C:\WINDOWS\SYSTEM32\ntdll.dll
0x00007ff88b340000 - 0x00007ff88b3f2000 	C:\WINDOWS\System32\KERNEL32.DLL
0x00007ff88aca0000 - 0x00007ff88af43000 	C:\WINDOWS\System32\KERNELBASE.dll
0x00007ff88c850000 - 0x00007ff88c8f3000 	C:\WINDOWS\System32\ADVAPI32.dll
0x00007ff88cd60000 - 0x00007ff88cdfe000 	C:\WINDOWS\System32\msvcrt.dll
0x00007ff88b2a0000 - 0x00007ff88b337000 	C:\WINDOWS\System32\sechost.dll
0x00007ff88c3d0000 - 0x00007ff88c4f0000 	C:\WINDOWS\System32\RPCRT4.dll
0x00007ff88caf0000 - 0x00007ff88cc84000 	C:\WINDOWS\System32\USER32.dll
0x00007ff88a370000 - 0x00007ff88a391000 	C:\WINDOWS\System32\win32u.dll
0x00007ff88c820000 - 0x00007ff88c846000 	C:\WINDOWS\System32\GDI32.dll
0x00007ff88b020000 - 0x00007ff88b1b4000 	C:\WINDOWS\System32\gdi32full.dll
0x00007ff88b1f0000 - 0x00007ff88b28e000 	C:\WINDOWS\System32\msvcp_win.dll
0x00007ff88a420000 - 0x00007ff88a51a000 	C:\WINDOWS\System32\ucrtbase.dll
0x00007ff878f20000 - 0x00007ff8791a5000 	C:\WINDOWS\WinSxS\amd64_microsoft.windows.common-controls_6595b64144ccf1df_6.0.18362.628_none_e6c6b62f130d50fc\COMCTL32.dll
0x00007ff88ce00000 - 0x00007ff88d136000 	C:\WINDOWS\System32\combase.dll
0x00007ff88a3a0000 - 0x00007ff88a420000 	C:\WINDOWS\System32\bcryptPrimitives.dll
0x00007ff88c5d0000 - 0x00007ff88c5fe000 	C:\WINDOWS\System32\IMM32.DLL
0x000000005bb60000 - 0x000000005bc32000 	C:\Program Files\Android\Android Studio\jre\jre\bin\msvcr100.dll
0x000000005bd20000 - 0x000000005c56b000 	C:\Program Files\Android\Android Studio\jre\jre\bin\server\jvm.dll
0x00007ff88cc90000 - 0x00007ff88cc98000 	C:\WINDOWS\System32\PSAPI.DLL
0x00007ff878e20000 - 0x00007ff878e29000 	C:\WINDOWS\SYSTEM32\WSOCK32.dll
0x00007ff88c660000 - 0x00007ff88c6cf000 	C:\WINDOWS\System32\WS2_32.dll
0x00007ff888150000 - 0x00007ff888174000 	C:\WINDOWS\SYSTEM32\WINMM.dll
0x00007ff884f00000 - 0x00007ff884f0a000 	C:\WINDOWS\SYSTEM32\VERSION.dll
0x00007ff888120000 - 0x00007ff88814d000 	C:\WINDOWS\SYSTEM32\WINMMBASE.dll
0x00007ff88a1d0000 - 0x00007ff88a21a000 	C:\WINDOWS\System32\cfgmgr32.dll
0x00007ff878150000 - 0x00007ff87815f000 	C:\Program Files\Android\Android Studio\jre\jre\bin\verify.dll
0x00007ff874ce0000 - 0x00007ff874d09000 	C:\Program Files\Android\Android Studio\jre\jre\bin\java.dll
0x00007ff8728e0000 - 0x00007ff8728f6000 	C:\Program Files\Android\Android Studio\jre\jre\bin\zip.dll
0x00007ff88bac0000 - 0x00007ff88c1a5000 	C:\WINDOWS\System32\SHELL32.dll
0x00007ff88ccb0000 - 0x00007ff88cd59000 	C:\WINDOWS\System32\shcore.dll
0x00007ff88a520000 - 0x00007ff88ac9f000 	C:\WINDOWS\System32\windows.storage.dll
0x00007ff88a0c0000 - 0x00007ff88a0df000 	C:\WINDOWS\System32\profapi.dll
0x00007ff88a120000 - 0x00007ff88a16a000 	C:\WINDOWS\System32\powrprof.dll
0x00007ff88a0b0000 - 0x00007ff88a0c0000 	C:\WINDOWS\System32\UMPDC.dll
0x00007ff88d140000 - 0x00007ff88d192000 	C:\WINDOWS\System32\shlwapi.dll
0x00007ff88a0e0000 - 0x00007ff88a0f1000 	C:\WINDOWS\System32\kernel.appcore.dll
0x00007ff88b000000 - 0x00007ff88b017000 	C:\WINDOWS\System32\cryptsp.dll
0x00007ff863fd0000 - 0x00007ff863fea000 	C:\Program Files\Android\Android Studio\jre\jre\bin\net.dll
0x00007ff889920000 - 0x00007ff889987000 	C:\WINDOWS\system32\mswsock.dll
0x00007ff863ec0000 - 0x00007ff863ed3000 	C:\Program Files\Android\Android Studio\jre\jre\bin\nio.dll
0x00007ff886610000 - 0x00007ff886636000 	C:\Users\Innovation\.gradle\native\31\windows-amd64\native-platform.dll
0x00007ff877a20000 - 0x00007ff877a2d000 	C:\Program Files\Android\Android Studio\jre\jre\bin\management.dll
0x00007ff889490000 - 0x00007ff8894c3000 	C:\WINDOWS\system32\rsaenh.dll
0x00007ff88b1c0000 - 0x00007ff88b1e6000 	C:\WINDOWS\System32\bcrypt.dll
0x00007ff889fa0000 - 0x00007ff889fc5000 	C:\WINDOWS\SYSTEM32\USERENV.dll
0x00007ff889af0000 - 0x00007ff889afc000 	C:\WINDOWS\SYSTEM32\CRYPTBASE.dll
0x00007ff889630000 - 0x00007ff88966a000 	C:\WINDOWS\SYSTEM32\IPHLPAPI.DLL
0x00007ff88b290000 - 0x00007ff88b298000 	C:\WINDOWS\System32\NSI.dll
0x00007ff8820e0000 - 0x00007ff8820f6000 	C:\WINDOWS\SYSTEM32\dhcpcsvc6.DLL
0x00007ff883cc0000 - 0x00007ff883cdc000 	C:\WINDOWS\SYSTEM32\dhcpcsvc.DLL
0x00007ff889670000 - 0x00007ff88973a000 	C:\WINDOWS\SYSTEM32\DNSAPI.dll
0x00007ff855f20000 - 0x00007ff8560bc000 	C:\Program Files\Android\Android Studio\jre\jre\bin\awt.dll
0x00007ff88b9d0000 - 0x00007ff88ba94000 	C:\WINDOWS\System32\OLEAUT32.dll
0x00007ff888a20000 - 0x00007ff888a4d000 	C:\WINDOWS\SYSTEM32\dwmapi.dll
0x00007ff8869e0000 - 0x00007ff886fa0000 	C:\WINDOWS\SYSTEM32\d2d1.dll
0x00007ff888180000 - 0x00007ff88820f000 	C:\WINDOWS\SYSTEM32\apphelp.dll
0x00007ff888430000 - 0x00007ff8884c9000 	C:\WINDOWS\system32\uxtheme.dll

VM Arguments:
jvm_args: -Xmx2048m -Dfile.encoding=windows-1252 -Duser.country=US -Duser.language=en -Duser.variant 
java_command: org.gradle.launcher.daemon.bootstrap.GradleDaemon 6.1.1
java_class_path (initial): C:\Users\Innovation\.gradle\wrapper\dists\gradle-6.1.1-all\cfmwm155h49vnt3hynmlrsdst\gradle-6.1.1\lib\gradle-launcher-6.1.1.jar
Launcher Type: SUN_STANDARD

Environment Variables:
PATH=C:\WINDOWS\system32;C:\WINDOWS;C:\WINDOWS\System32\Wbem;C:\WINDOWS\System32\WindowsPowerShell\v1.0\;C:\WINDOWS\System32\OpenSSH\;D:\MatLAB\runtime\win64;D:\MatLAB\bin;D:\MatLAB\polyspace\bin;C:\Program Files\NVIDIA Corporation\NVIDIA NvDLISR;G:\Git\cmd;C:\Users\Innovation\AppData\Local\Microsoft\WindowsApps;C:\Users\Innovation\AppData\Local\GitHubDesktop\bin
USERNAME=Innovation
OS=Windows_NT
PROCESSOR_IDENTIFIER=Intel64 Family 6 Model 142 Stepping 9, GenuineIntel



---------------  S Y S T E M  ---------------

OS: Windows 10.0 , 64 bit Build 18362 (10.0.18362.329)

CPU:total 4 (initial active 4) (2 cores per cpu, 2 threads per core) family 6 model 142 stepping 9, cmov, cx8, fxsr, mmx, sse, sse2, sse3, ssse3, sse4.1, sse4.2, popcnt, avx, avx2, aes, clmul, erms, 3dnowpref, lzcnt, ht, tsc, tscinvbit, bmi1, bmi2, adx

Memory: 4k page, physical 8253668k(558140k free), swap 8253668k(4036k free)

vm_info: OpenJDK 64-Bit Server VM (25.242-b01) for windows-amd64 JRE (1.8.0_242-release-1644-b01), built by "builder" with MS VC++ 10.0 (VS2010)

time: Thu Oct 22 13:35:05 2020
timezone: SE Asia Standard Time
elapsed time: 342 seconds (0d 0h 5m 42s)

