#
# There is insufficient memory for the Java Runtime Environment to continue.
# Native memory allocation (malloc) failed to allocate 1343856 bytes for Chunk::new
# Possible reasons:
#   The system is out of physical RAM or swap space
#   The process is running with CompressedOops enabled, and the Java Heap may be blocking the growth of the native heap
# Possible solutions:
#   Reduce memory load on the system
#   Increase physical memory or swap space
#   Check if swap backing store is full
#   Decrease Java heap size (-Xmx/-Xms)
#   Decrease number of Java threads
#   Decrease Java thread stack sizes (-Xss)
#   Set larger code cache with -XX:ReservedCodeCacheSize=
#   JVM is running with Unscaled Compressed Oops mode in which the Java heap is
#     placed in the first 4GB address space. The Java Heap base address is the
#     maximum limit for the native heap growth. Please use -XX:HeapBaseMinAddress
#     to set the Java Heap base and to place the Java Heap above 4GB virtual address.
# This output file may be truncated or incomplete.
#
#  Out of Memory Error (allocation.cpp:389), pid=10504, tid=0x0000000000002648
#
# JRE version: OpenJDK Runtime Environment (8.0_242-b01) (build 1.8.0_242-release-1644-b01)
# Java VM: OpenJDK 64-Bit Server VM (25.242-b01 mixed mode windows-amd64 compressed oops)
# Failed to write core dump. Minidumps are not enabled by default on client versions of Windows
#

---------------  T H R E A D  ---------------

Current thread (0x00000000176f8800):  JavaThread "C2 CompilerThread0" daemon [_thread_in_native, id=9800, stack(0x0000000018d50000,0x0000000018e50000)]

Stack: [0x0000000018d50000,0x0000000018e50000]
[error occurred during error reporting (printing stack bounds), id 0xc0000005]

Native frames: (J=compiled Java code, j=interpreted, Vv=VM code, C=native code)


Current CompileTask:
C2:   9003 1500       4       java.net.URLClassLoader$1::run (5 bytes)


---------------  P R O C E S S  ---------------

Java Threads: ( => current thread )
  0x0000000019354000 JavaThread "Cache worker for file hash cache (C:\Users\Innovation\.gradle\caches\6.1.1\fileHashes)" [_thread_blocked, id=1772, stack(0x000000001d470000,0x000000001d570000)]
  0x0000000019354800 JavaThread "File lock request listener" [_thread_in_native, id=5472, stack(0x000000001d370000,0x000000001d470000)]
  0x000000001a517800 JavaThread "Cache worker for journal cache (C:\Users\Innovation\.gradle\caches\journal-1)" [_thread_blocked, id=5616, stack(0x000000001d270000,0x000000001d370000)]
  0x000000001a3f1800 JavaThread "Thread-9" [_thread_blocked, id=11140, stack(0x000000001bfa0000,0x000000001c0a0000)]
  0x0000000019cf1800 JavaThread "Stdin handler" [_thread_blocked, id=8140, stack(0x000000001bea0000,0x000000001bfa0000)]
  0x0000000019cf0800 JavaThread "Asynchronous log dispatcher for DefaultDaemonConnection: socket connection from /127.0.0.1:51661 to /127.0.0.1:51662" [_thread_blocked, id=472, stack(0x000000001bda0000,0x000000001bea0000)]
  0x000000001a412000 JavaThread "Daemon worker" [_thread_in_native, id=8632, stack(0x000000001bca0000,0x000000001bda0000)]
  0x000000001a411000 JavaThread "Cancel handler" [_thread_blocked, id=9488, stack(0x000000001bba0000,0x000000001bca0000)]
  0x000000001920c000 JavaThread "Handler for socket connection from /127.0.0.1:51661 to /127.0.0.1:51662" [_thread_in_native, id=5744, stack(0x000000001b8a0000,0x000000001b9a0000)]
  0x0000000019209800 JavaThread "Daemon" [_thread_blocked, id=2552, stack(0x000000001b7a0000,0x000000001b8a0000)]
  0x0000000019be9000 JavaThread "Daemon periodic checks" [_thread_blocked, id=10076, stack(0x000000001b6a0000,0x000000001b7a0000)]
  0x0000000019dd7000 JavaThread "Incoming local TCP Connector on port 51661" [_thread_in_native, id=7088, stack(0x000000001b460000,0x000000001b560000)]
  0x000000001ad5b800 JavaThread "Daemon health stats" [_thread_blocked, id=11212, stack(0x000000001ae20000,0x000000001af20000)]
  0x000000001774c800 JavaThread "Service Thread" daemon [_thread_blocked, id=9156, stack(0x0000000019450000,0x0000000019550000)]
  0x0000000017748800 JavaThread "C1 CompilerThread2" daemon [_thread_blocked, id=9172, stack(0x0000000018f50000,0x0000000019050000)]
  0x00000000176fb000 JavaThread "C2 CompilerThread1" daemon [_thread_in_native, id=10836, stack(0x0000000018e50000,0x0000000018f50000)]
=>0x00000000176f8800 JavaThread "C2 CompilerThread0" daemon [_thread_in_native, id=9800, stack(0x0000000018d50000,0x0000000018e50000)]
  0x00000000176f7000 JavaThread "Attach Listener" daemon [_thread_blocked, id=3012, stack(0x0000000018c50000,0x0000000018d50000)]
  0x00000000176f5800 JavaThread "Signal Dispatcher" daemon [_thread_blocked, id=10048, stack(0x0000000018b50000,0x0000000018c50000)]
  0x0000000002acb000 JavaThread "Finalizer" daemon [_thread_blocked, id=4400, stack(0x0000000018950000,0x0000000018a50000)]
  0x00000000176d9000 JavaThread "Reference Handler" daemon [_thread_blocked, id=888, stack(0x0000000018850000,0x0000000018950000)]
  0x00000000029cd800 JavaThread "main" [_thread_blocked, id=3640, stack(0x00000000028b0000,0x00000000029b0000)]

Other Threads:
  0x00000000176b6000 VMThread [stack: 0x0000000018750000,0x0000000018850000] [id=740]
  0x000000001774d000 WatcherThread [stack: 0x0000000019550000,0x0000000019650000] [id=10972]

VM state:not at safepoint (normal execution)

VM Mutex/Monitor currently owned by a thread:  ([mutex/lock_event])
[0x00000000029ccb00] SystemDictionary_lock - owner thread: 0x0000000000000000

heap address: 0x0000000080000000, size: 2048 MB, Compressed Oops mode: 32-bit
Narrow klass base: 0x0000000000000000, Narrow klass shift: 3
Compressed class space size: 1073741824 Address: 0x0000000100000000

Heap:
 PSYoungGen      total 70656K, used 13097K [0x00000000d5580000, 0x00000000d9f80000, 0x0000000100000000)
  eden space 65536K, 12% used [0x00000000d5580000,0x00000000d5d4e6f8,0x00000000d9580000)
  from space 5120K, 99% used [0x00000000d9580000,0x00000000d9a7c030,0x00000000d9a80000)
  to   space 5120K, 0% used [0x00000000d9a80000,0x00000000d9a80000,0x00000000d9f80000)
 ParOldGen       total 86016K, used 4064K [0x0000000080000000, 0x0000000085400000, 0x00000000d5580000)
  object space 86016K, 4% used [0x0000000080000000,0x00000000803f8188,0x0000000085400000)
 Metaspace       used 15476K, capacity 15822K, committed 16128K, reserved 1062912K
  class space    used 2068K, capacity 2219K, committed 2304K, reserved 1048576K

Card table byte_map: [0x0000000011e90000,0x00000000122a0000] byte_map_base: 0x0000000011a90000

Marking Bits: (ParMarkBitMap*) 0x000000005c4ef030
 Begin Bits: [0x0000000012950000, 0x0000000014950000)
 End Bits:   [0x0000000014950000, 0x0000000016950000)

Polling page: 0x0000000000b20000

CodeCache: size=245760Kb used=5331Kb max_used=5331Kb free=240428Kb
 bounds [0x0000000002ad0000, 0x0000000003010000, 0x0000000011ad0000]
 total_blobs=1885 nmethods=1492 adapters=306
 compilation: enabled

Compilation events (10 events):
Event: 8.945 Thread 0x0000000017748800 nmethod 1519 0x0000000003005090 code [0x0000000003005320, 0x00000000030064f8]
Event: 8.963 Thread 0x0000000017748800 1520       1       sun.reflect.generics.tree.ClassTypeSignature::getPath (5 bytes)
Event: 8.963 Thread 0x0000000017748800 nmethod 1520 0x0000000002ffe550 code [0x0000000002ffe6a0, 0x0000000002ffe7b0]
Event: 8.963 Thread 0x0000000017748800 1521       1       sun.reflect.generics.tree.SimpleClassTypeSignature::getName (5 bytes)
Event: 8.963 Thread 0x0000000017748800 nmethod 1521 0x0000000003001a90 code [0x0000000003001be0, 0x0000000003001cf0]
Event: 8.963 Thread 0x0000000017748800 1522       1       sun.reflect.generics.tree.SimpleClassTypeSignature::getDollar (5 bytes)
Event: 8.963 Thread 0x0000000017748800 nmethod 1522 0x0000000003004dd0 code [0x0000000003004f20, 0x0000000003005030]
Event: 8.979 Thread 0x0000000017748800 1524       1       org.gradle.internal.service.AbstractServiceMethod::getParameterTypes (5 bytes)
Event: 8.979 Thread 0x0000000017748800 nmethod 1524 0x0000000003004590 code [0x00000000030046e0, 0x00000000030047f0]
Event: 8.984 Thread 0x00000000176fb000 1525   !   4       java.util.zip.InflaterInputStream::read (138 bytes)

GC Heap History (6 events):
Event: 3.454 GC heap before
{Heap before GC invocations=1 (full 0):
 PSYoungGen      total 37888K, used 32768K [0x00000000d5580000, 0x00000000d7f80000, 0x0000000100000000)
  eden space 32768K, 100% used [0x00000000d5580000,0x00000000d7580000,0x00000000d7580000)
  from space 5120K, 0% used [0x00000000d7a80000,0x00000000d7a80000,0x00000000d7f80000)
  to   space 5120K, 0% used [0x00000000d7580000,0x00000000d7580000,0x00000000d7a80000)
 ParOldGen       total 86016K, used 0K [0x0000000080000000, 0x0000000085400000, 0x00000000d5580000)
  object space 86016K, 0% used [0x0000000080000000,0x0000000080000000,0x0000000085400000)
 Metaspace       used 7199K, capacity 7376K, committed 7680K, reserved 1056768K
  class space    used 883K, capacity 968K, committed 1024K, reserved 1048576K
Event: 3.509 GC heap after
Heap after GC invocations=1 (full 0):
 PSYoungGen      total 37888K, used 4353K [0x00000000d5580000, 0x00000000d9f80000, 0x0000000100000000)
  eden space 32768K, 0% used [0x00000000d5580000,0x00000000d5580000,0x00000000d7580000)
  from space 5120K, 85% used [0x00000000d7580000,0x00000000d79c0790,0x00000000d7a80000)
  to   space 5120K, 0% used [0x00000000d9a80000,0x00000000d9a80000,0x00000000d9f80000)
 ParOldGen       total 86016K, used 16K [0x0000000080000000, 0x0000000085400000, 0x00000000d5580000)
  object space 86016K, 0% used [0x0000000080000000,0x0000000080004000,0x0000000085400000)
 Metaspace       used 7199K, capacity 7376K, committed 7680K, reserved 1056768K
  class space    used 883K, capacity 968K, committed 1024K, reserved 1048576K
}
Event: 4.422 GC heap before
{Heap before GC invocations=2 (full 0):
 PSYoungGen      total 37888K, used 37121K [0x00000000d5580000, 0x00000000d9f80000, 0x0000000100000000)
  eden space 32768K, 100% used [0x00000000d5580000,0x00000000d7580000,0x00000000d7580000)
  from space 5120K, 85% used [0x00000000d7580000,0x00000000d79c0790,0x00000000d7a80000)
  to   space 5120K, 0% used [0x00000000d9a80000,0x00000000d9a80000,0x00000000d9f80000)
 ParOldGen       total 86016K, used 16K [0x0000000080000000, 0x0000000085400000, 0x00000000d5580000)
  object space 86016K, 0% used [0x0000000080000000,0x0000000080004000,0x0000000085400000)
 Metaspace       used 7423K, capacity 7586K, committed 7680K, reserved 1056768K
  class space    used 904K, capacity 974K, committed 1024K, reserved 1048576K
Event: 4.429 GC heap after
Heap after GC invocations=2 (full 0):
 PSYoungGen      total 70656K, used 3249K [0x00000000d5580000, 0x00000000d9f80000, 0x0000000100000000)
  eden space 65536K, 0% used [0x00000000d5580000,0x00000000d5580000,0x00000000d9580000)
  from space 5120K, 63% used [0x00000000d9a80000,0x00000000d9dac588,0x00000000d9f80000)
  to   space 5120K, 0% used [0x00000000d9580000,0x00000000d9580000,0x00000000d9a80000)
 ParOldGen       total 86016K, used 24K [0x0000000080000000, 0x0000000085400000, 0x00000000d5580000)
  object space 86016K, 0% used [0x0000000080000000,0x0000000080006000,0x0000000085400000)
 Metaspace       used 7423K, capacity 7586K, committed 7680K, reserved 1056768K
  class space    used 904K, capacity 974K, committed 1024K, reserved 1048576K
}
Event: 8.798 GC heap before
{Heap before GC invocations=3 (full 0):
 PSYoungGen      total 70656K, used 68785K [0x00000000d5580000, 0x00000000d9f80000, 0x0000000100000000)
  eden space 65536K, 100% used [0x00000000d5580000,0x00000000d9580000,0x00000000d9580000)
  from space 5120K, 63% used [0x00000000d9a80000,0x00000000d9dac588,0x00000000d9f80000)
  to   space 5120K, 0% used [0x00000000d9580000,0x00000000d9580000,0x00000000d9a80000)
 ParOldGen       total 86016K, used 24K [0x0000000080000000, 0x0000000085400000, 0x00000000d5580000)
  object space 86016K, 0% used [0x0000000080000000,0x0000000080006000,0x0000000085400000)
 Metaspace       used 14867K, capacity 15308K, committed 15488K, reserved 1062912K
  class space    used 1961K, capacity 2090K, committed 2176K, reserved 1048576K
Event: 8.811 GC heap after
Heap after GC invocations=3 (full 0):
 PSYoungGen      total 70656K, used 5104K [0x00000000d5580000, 0x00000000d9f80000, 0x0000000100000000)
  eden space 65536K, 0% used [0x00000000d5580000,0x00000000d5580000,0x00000000d9580000)
  from space 5120K, 99% used [0x00000000d9580000,0x00000000d9a7c030,0x00000000d9a80000)
  to   space 5120K, 0% used [0x00000000d9a80000,0x00000000d9a80000,0x00000000d9f80000)
 ParOldGen       total 86016K, used 4064K [0x0000000080000000, 0x0000000085400000, 0x00000000d5580000)
  object space 86016K, 4% used [0x0000000080000000,0x00000000803f8188,0x0000000085400000)
 Metaspace       used 14867K, capacity 15308K, committed 15488K, reserved 1062912K
  class space    used 1961K, capacity 2090K, committed 2176K, reserved 1048576K
}

Deoptimization events (10 events):
Event: 7.792 Thread 0x000000001920c000 Uncommon trap: reason=unstable_if action=reinterpret pc=0x0000000002ee5d28 method=java.util.concurrent.ConcurrentHashMap.putVal(Ljava/lang/Object;Ljava/lang/Object;Z)Ljava/lang/Object; @ 206
Event: 7.831 Thread 0x000000001920c000 Uncommon trap: reason=unstable_if action=reinterpret pc=0x0000000002e15154 method=java.lang.String.substring(I)Ljava/lang/String; @ 35
Event: 7.949 Thread 0x000000001a412000 Uncommon trap: reason=bimorphic action=maybe_recompile pc=0x0000000002dba750 method=java.util.HashMap.putVal(ILjava/lang/Object;Ljava/lang/Object;ZZ)Ljava/lang/Object; @ 253
Event: 7.959 Thread 0x000000001a412000 Uncommon trap: reason=bimorphic action=maybe_recompile pc=0x0000000002dba750 method=java.util.HashMap.putVal(ILjava/lang/Object;Ljava/lang/Object;ZZ)Ljava/lang/Object; @ 253
Event: 7.960 Thread 0x000000001a412000 Uncommon trap: reason=bimorphic action=maybe_recompile pc=0x0000000002dba750 method=java.util.HashMap.putVal(ILjava/lang/Object;Ljava/lang/Object;ZZ)Ljava/lang/Object; @ 253
Event: 7.960 Thread 0x000000001a412000 Uncommon trap: reason=bimorphic action=maybe_recompile pc=0x0000000002dc2b98 method=java.util.HashMap.putVal(ILjava/lang/Object;Ljava/lang/Object;ZZ)Ljava/lang/Object; @ 253
Event: 8.606 Thread 0x000000001a412000 Uncommon trap: reason=class_check action=maybe_recompile pc=0x0000000002e26498 method=java.util.regex.Matcher.match(II)Z @ 86
Event: 8.607 Thread 0x000000001a412000 Uncommon trap: reason=class_check action=maybe_recompile pc=0x0000000002e26498 method=java.util.regex.Matcher.match(II)Z @ 86
Event: 8.607 Thread 0x000000001a412000 Uncommon trap: reason=class_check action=maybe_recompile pc=0x0000000002e26498 method=java.util.regex.Matcher.match(II)Z @ 86
Event: 8.607 Thread 0x000000001a412000 Uncommon trap: reason=class_check action=maybe_recompile pc=0x0000000002c9960c method=java.util.regex.Matcher.match(II)Z @ 86

Classes redefined (0 events):
No events

Internal exceptions (10 events):
Event: 7.799 Thread 0x000000001920c000 Exception <a 'java/lang/NoSuchMethodError': <clinit>> (0x00000000d75abfb0) thrown at [C:\src\AOSP-openjdk-git\hotspot\src\share\vm\prims\jni.cpp, line 1615]
Event: 7.812 Thread 0x000000001920c000 Exception <a 'java/lang/NoSuchMethodError': <clinit>> (0x00000000d75be9e8) thrown at [C:\src\AOSP-openjdk-git\hotspot\src\share\vm\prims\jni.cpp, line 1615]
Event: 7.819 Thread 0x000000001920c000 Exception <a 'java/lang/NoSuchMethodError': <clinit>> (0x00000000d75e57b8) thrown at [C:\src\AOSP-openjdk-git\hotspot\src\share\vm\prims\jni.cpp, line 1615]
Event: 7.824 Thread 0x000000001920c000 Exception <a 'java/lang/NoSuchMethodError': <clinit>> (0x00000000d75fd450) thrown at [C:\src\AOSP-openjdk-git\hotspot\src\share\vm\prims\jni.cpp, line 1615]
Event: 7.825 Thread 0x000000001920c000 Exception <a 'java/lang/NoSuchMethodError': <clinit>> (0x00000000d7605ff0) thrown at [C:\src\AOSP-openjdk-git\hotspot\src\share\vm\prims\jni.cpp, line 1615]
Event: 7.828 Thread 0x000000001920c000 Exception <a 'java/lang/NoSuchMethodError': <clinit>> (0x00000000d761c418) thrown at [C:\src\AOSP-openjdk-git\hotspot\src\share\vm\prims\jni.cpp, line 1615]
Event: 7.848 Thread 0x000000001920c000 Exception <a 'java/lang/NoSuchMethodError': <clinit>> (0x00000000d7676d30) thrown at [C:\src\AOSP-openjdk-git\hotspot\src\share\vm\prims\jni.cpp, line 1615]
Event: 7.857 Thread 0x000000001920c000 Exception <a 'java/lang/NoSuchMethodError': <clinit>> (0x00000000d76a3650) thrown at [C:\src\AOSP-openjdk-git\hotspot\src\share\vm\prims\jni.cpp, line 1615]
Event: 7.870 Thread 0x000000001920c000 Exception <a 'java/lang/NoSuchMethodError': <clinit>> (0x00000000d76d0b48) thrown at [C:\src\AOSP-openjdk-git\hotspot\src\share\vm\prims\jni.cpp, line 1615]
Event: 7.872 Thread 0x000000001920c000 Exception <a 'java/lang/NoSuchMethodError': <clinit>> (0x00000000d76dbbd0) thrown at [C:\src\AOSP-openjdk-git\hotspot\src\share\vm\prims\jni.cpp, line 1615]

Events (10 events):
Event: 8.998 loading class org/gradle/api/internal/artifacts/component/ComponentIdentifierFactory
Event: 8.998 loading class org/gradle/api/internal/artifacts/component/ComponentIdentifierFactory done
Event: 8.999 loading class org/gradle/api/internal/artifacts/ivyservice/modulecache/dynamicversions/AbstractModuleVersionsCache
Event: 8.999 loading class org/gradle/api/internal/artifacts/ivyservice/modulecache/dynamicversions/AbstractModuleVersionsCache done
Event: 8.999 loading class org/gradle/api/internal/artifacts/ivyservice/modulecache/dynamicversions/ModuleVersionsCache
Event: 8.999 loading class org/gradle/api/internal/artifacts/ivyservice/modulecache/dynamicversions/ModuleVersionsCache done
Event: 9.000 loading class org/gradle/api/internal/artifacts/ivyservice/modulecache/dynamicversions/DefaultModuleVersionsCache
Event: 9.000 loading class org/gradle/api/internal/artifacts/ivyservice/modulecache/dynamicversions/DefaultModuleVersionsCache done
Event: 9.001 loading class org/gradle/api/internal/artifacts/ivyservice/modulecache/AbstractModuleMetadataCache
Event: 9.001 loading class org/gradle/api/internal/artifacts/ivyservice/modulecache/AbstractModuleMetadataCache done


Dynamic libraries:
0x00007ff666ae0000 - 0x00007ff666b11000 	C:\Program Files\Android\Android Studio\jre\bin\java.exe
0x00007ff88d1e0000 - 0x00007ff88d3d0000 	C:\WINDOWS\SYSTEM32\ntdll.dll
0x00007ff88b340000 - 0x00007ff88b3f2000 	C:\WINDOWS\System32\KERNEL32.DLL
0x00007ff88aca0000 - 0x00007ff88af43000 	C:\WINDOWS\System32\KERNELBASE.dll
0x00007ff88c850000 - 0x00007ff88c8f3000 	C:\WINDOWS\System32\ADVAPI32.dll
0x00007ff88cd60000 - 0x00007ff88cdfe000 	C:\WINDOWS\System32\msvcrt.dll
0x00007ff88b2a0000 - 0x00007ff88b337000 	C:\WINDOWS\System32\sechost.dll
0x00007ff88c3d0000 - 0x00007ff88c4f0000 	C:\WINDOWS\System32\RPCRT4.dll
0x00007ff88caf0000 - 0x00007ff88cc84000 	C:\WINDOWS\System32\USER32.dll
0x00007ff88a370000 - 0x00007ff88a391000 	C:\WINDOWS\System32\win32u.dll
0x00007ff88c820000 - 0x00007ff88c846000 	C:\WINDOWS\System32\GDI32.dll
0x00007ff88b020000 - 0x00007ff88b1b4000 	C:\WINDOWS\System32\gdi32full.dll
0x00007ff88b1f0000 - 0x00007ff88b28e000 	C:\WINDOWS\System32\msvcp_win.dll
0x00007ff88a420000 - 0x00007ff88a51a000 	C:\WINDOWS\System32\ucrtbase.dll
0x00007ff878f20000 - 0x00007ff8791a5000 	C:\WINDOWS\WinSxS\amd64_microsoft.windows.common-controls_6595b64144ccf1df_6.0.18362.628_none_e6c6b62f130d50fc\COMCTL32.dll
0x00007ff88ce00000 - 0x00007ff88d136000 	C:\WINDOWS\System32\combase.dll
0x00007ff88a3a0000 - 0x00007ff88a420000 	C:\WINDOWS\System32\bcryptPrimitives.dll
0x00007ff88c5d0000 - 0x00007ff88c5fe000 	C:\WINDOWS\System32\IMM32.DLL
0x000000005bb60000 - 0x000000005bc32000 	C:\Program Files\Android\Android Studio\jre\jre\bin\msvcr100.dll
0x000000005bd20000 - 0x000000005c56b000 	C:\Program Files\Android\Android Studio\jre\jre\bin\server\jvm.dll
0x00007ff88cc90000 - 0x00007ff88cc98000 	C:\WINDOWS\System32\PSAPI.DLL
0x00007ff878e20000 - 0x00007ff878e29000 	C:\WINDOWS\SYSTEM32\WSOCK32.dll
0x00007ff88c660000 - 0x00007ff88c6cf000 	C:\WINDOWS\System32\WS2_32.dll
0x00007ff888150000 - 0x00007ff888174000 	C:\WINDOWS\SYSTEM32\WINMM.dll
0x00007ff884f00000 - 0x00007ff884f0a000 	C:\WINDOWS\SYSTEM32\VERSION.dll
0x00007ff888120000 - 0x00007ff88814d000 	C:\WINDOWS\SYSTEM32\WINMMBASE.dll
0x00007ff88a1d0000 - 0x00007ff88a21a000 	C:\WINDOWS\System32\cfgmgr32.dll
0x00007ff878150000 - 0x00007ff87815f000 	C:\Program Files\Android\Android Studio\jre\jre\bin\verify.dll
0x00007ff874ce0000 - 0x00007ff874d09000 	C:\Program Files\Android\Android Studio\jre\jre\bin\java.dll
0x00007ff8728e0000 - 0x00007ff8728f6000 	C:\Program Files\Android\Android Studio\jre\jre\bin\zip.dll
0x00007ff88bac0000 - 0x00007ff88c1a5000 	C:\WINDOWS\System32\SHELL32.dll
0x00007ff88ccb0000 - 0x00007ff88cd59000 	C:\WINDOWS\System32\shcore.dll
0x00007ff88a520000 - 0x00007ff88ac9f000 	C:\WINDOWS\System32\windows.storage.dll
0x00007ff88a0c0000 - 0x00007ff88a0df000 	C:\WINDOWS\System32\profapi.dll
0x00007ff88a120000 - 0x00007ff88a16a000 	C:\WINDOWS\System32\powrprof.dll
0x00007ff88a0b0000 - 0x00007ff88a0c0000 	C:\WINDOWS\System32\UMPDC.dll
0x00007ff88d140000 - 0x00007ff88d192000 	C:\WINDOWS\System32\shlwapi.dll
0x00007ff88a0e0000 - 0x00007ff88a0f1000 	C:\WINDOWS\System32\kernel.appcore.dll
0x00007ff88b000000 - 0x00007ff88b017000 	C:\WINDOWS\System32\cryptsp.dll
0x00007ff863fd0000 - 0x00007ff863fea000 	C:\Program Files\Android\Android Studio\jre\jre\bin\net.dll
0x00007ff889920000 - 0x00007ff889987000 	C:\WINDOWS\system32\mswsock.dll
0x00007ff863ec0000 - 0x00007ff863ed3000 	C:\Program Files\Android\Android Studio\jre\jre\bin\nio.dll
0x00007ff886610000 - 0x00007ff886636000 	C:\Users\Innovation\.gradle\native\31\windows-amd64\native-platform.dll
0x00007ff877a20000 - 0x00007ff877a2d000 	C:\Program Files\Android\Android Studio\jre\jre\bin\management.dll
0x00007ff889490000 - 0x00007ff8894c3000 	C:\WINDOWS\system32\rsaenh.dll
0x00007ff88b1c0000 - 0x00007ff88b1e6000 	C:\WINDOWS\System32\bcrypt.dll
0x00007ff889fa0000 - 0x00007ff889fc5000 	C:\WINDOWS\SYSTEM32\USERENV.dll
0x00007ff889af0000 - 0x00007ff889afc000 	C:\WINDOWS\SYSTEM32\CRYPTBASE.dll
0x00007ff889630000 - 0x00007ff88966a000 	C:\WINDOWS\SYSTEM32\IPHLPAPI.DLL
0x00007ff88b290000 - 0x00007ff88b298000 	C:\WINDOWS\System32\NSI.dll
0x00007ff8820e0000 - 0x00007ff8820f6000 	C:\WINDOWS\SYSTEM32\dhcpcsvc6.DLL
0x00007ff883cc0000 - 0x00007ff883cdc000 	C:\WINDOWS\SYSTEM32\dhcpcsvc.DLL
0x00007ff889670000 - 0x00007ff88973a000 	C:\WINDOWS\SYSTEM32\DNSAPI.dll

VM Arguments:
jvm_args: -Xmx2048m -Dfile.encoding=windows-1252 -Duser.country=US -Duser.language=en -Duser.variant 
java_command: org.gradle.launcher.daemon.bootstrap.GradleDaemon 6.1.1
java_class_path (initial): C:\Users\Innovation\.gradle\wrapper\dists\gradle-6.1.1-all\cfmwm155h49vnt3hynmlrsdst\gradle-6.1.1\lib\gradle-launcher-6.1.1.jar
Launcher Type: SUN_STANDARD

Environment Variables:
PATH=C:\WINDOWS\system32;C:\WINDOWS;C:\WINDOWS\System32\Wbem;C:\WINDOWS\System32\WindowsPowerShell\v1.0\;C:\WINDOWS\System32\OpenSSH\;D:\MatLAB\runtime\win64;D:\MatLAB\bin;D:\MatLAB\polyspace\bin;C:\Program Files\NVIDIA Corporation\NVIDIA NvDLISR;G:\Git\cmd;C:\Users\Innovation\AppData\Local\Microsoft\WindowsApps;C:\Users\Innovation\AppData\Local\GitHubDesktop\bin
USERNAME=Innovation
OS=Windows_NT
PROCESSOR_IDENTIFIER=Intel64 Family 6 Model 142 Stepping 9, GenuineIntel



---------------  S Y S T E M  ---------------

OS: Windows 10.0 , 64 bit Build 18362 (10.0.18362.329)

CPU:total 4 (initial active 4) (2 cores per cpu, 2 threads per core) family 6 model 142 stepping 9, cmov, cx8, fxsr, mmx, sse, sse2, sse3, ssse3, sse4.1, sse4.2, popcnt, avx, avx2, aes, clmul, erms, 3dnowpref, lzcnt, ht, tsc, tscinvbit, bmi1, bmi2, adx

Memory: 4k page, physical 8253668k(461320k free), swap 8253668k(5660k free)

vm_info: OpenJDK 64-Bit Server VM (25.242-b01) for windows-amd64 JRE (1.8.0_242-release-1644-b01), built by "builder" with MS VC++ 10.0 (VS2010)

time: Thu Oct 22 13:29:01 2020
timezone: SE Asia Standard Time
elapsed time: 9 seconds (0d 0h 0m 9s)

